# JRE version: OpenJDK Runtime Environment (11.0.11+9) (build 11.0.11+9-b60-7590822)
# Java VM: OpenJDK 64-Bit Server VM (11.0.11+9-b60-7590822, mixed mode, tiered, compressed oops, g1 gc, windows-amd64)
Heap:
 garbage-first heap   total 805888K, used 176358K [0x0000000080000000, 0x0000000100000000)
  region size 1024K, 3 young (3072K), 3 survivors (3072K)
 Metaspace       used 102008K, capacity 104674K, committed 104944K, reserved 1140736K
  class space    used 13443K, capacity 14496K, committed 14540K, reserved 1048576K
GC Heap History (20 events):
Event: 35.417 GC heap after
{Heap after GC invocations=46 (full 0):
 garbage-first heap   total 157696K, used 112228K [0x0000000080000000, 0x0000000100000000)
  region size 1024K, 3 young (3072K), 3 survivors (3072K)
 Metaspace       used 94156K, capacity 96390K, committed 96624K, reserved 1132544K
  class space    used 12196K, capacity 13038K, committed 13132K, reserved 1048576K
}
Event: 35.435 GC heap before
{Heap before GC invocations=46 (full 0):
 garbage-first heap   total 157696K, used 116324K [0x0000000080000000, 0x0000000100000000)
  region size 1024K, 7 young (7168K), 3 survivors (3072K)
 Metaspace       used 94226K, capacity 96486K, committed 96624K, reserved 1132544K
  class space    used 12203K, capacity 13070K, committed 13132K, reserved 1048576K
}
Event: 35.442 GC heap after
{Heap after GC invocations=47 (full 0):
 garbage-first heap   total 157696K, used 112461K [0x0000000080000000, 0x0000000100000000)
  region size 1024K, 1 young (1024K), 1 survivors (1024K)
 Metaspace       used 94226K, capacity 96486K, committed 96624K, reserved 1132544K
  class space    used 12203K, capacity 13070K, committed 13132K, reserved 1048576K
}
Event: 35.499 GC heap before
{Heap before GC invocations=47 (full 0):
 garbage-first heap   total 157696K, used 130893K [0x0000000080000000, 0x0000000100000000)
  region size 1024K, 19 young (19456K), 1 survivors (1024K)
 Metaspace       used 94472K, capacity 96708K, committed 97008K, reserved 1132544K
  class space    used 12248K, capacity 13123K, committed 13260K, reserved 1048576K
}
Event: 35.509 GC heap after
{Heap after GC invocations=48 (full 0):
 garbage-first heap   total 189440K, used 116699K [0x0000000080000000, 0x0000000100000000)
  region size 1024K, 3 young (3072K), 3 survivors (3072K)
 Metaspace       used 94472K, capacity 96708K, committed 97008K, reserved 1132544K
  class space    used 12248K, capacity 13123K, committed 13260K, reserved 1048576K
}
Event: 35.713 GC heap before
{Heap before GC invocations=48 (full 0):
 garbage-first heap   total 189440K, used 144347K [0x0000000080000000, 0x0000000100000000)
  region size 1024K, 30 young (30720K), 3 survivors (3072K)
 Metaspace       used 95096K, capacity 97431K, committed 97520K, reserved 1134592K
  class space    used 12332K, capacity 13212K, committed 13260K, reserved 1048576K
}
Event: 35.729 GC heap after
{Heap after GC invocations=49 (full 0):
 garbage-first heap   total 189440K, used 122395K [0x0000000080000000, 0x0000000100000000)
  region size 1024K, 4 young (4096K), 4 survivors (4096K)
 Metaspace       used 95096K, capacity 97431K, committed 97520K, reserved 1134592K
  class space    used 12332K, capacity 13212K, committed 13260K, reserved 1048576K
}
Event: 35.887 GC heap before
{Heap before GC invocations=50 (full 0):
 garbage-first heap   total 189440K, used 149019K [0x0000000080000000, 0x0000000100000000)
  region size 1024K, 30 young (30720K), 4 survivors (4096K)
 Metaspace       used 95371K, capacity 97635K, committed 98160K, reserved 1134592K
  class space    used 12355K, capacity 13204K, committed 13388K, reserved 1048576K
}
Event: 35.900 GC heap after
{Heap after GC invocations=51 (full 0):
 garbage-first heap   total 189440K, used 127827K [0x0000000080000000, 0x0000000100000000)
  region size 1024K, 4 young (4096K), 4 survivors (4096K)
 Metaspace       used 95371K, capacity 97635K, committed 98160K, reserved 1134592K
  class space    used 12355K, capacity 13204K, committed 13388K, reserved 1048576K
}
Event: 35.983 GC heap before
{Heap before GC invocations=51 (full 0):
 garbage-first heap   total 189440K, used 152403K [0x0000000080000000, 0x0000000100000000)
  region size 1024K, 28 young (28672K), 4 survivors (4096K)
 Metaspace       used 95787K, capacity 98052K, committed 98416K, reserved 1134592K
  class space    used 12397K, capacity 13236K, committed 13388K, reserved 1048576K
}
Event: 36.000 GC heap after
{Heap after GC invocations=52 (full 0):
 garbage-first heap   total 189440K, used 132684K [0x0000000080000000, 0x0000000100000000)
  region size 1024K, 4 young (4096K), 4 survivors (4096K)
 Metaspace       used 95787K, capacity 98052K, committed 98416K, reserved 1134592K
  class space    used 12397K, capacity 13236K, committed 13388K, reserved 1048576K
}
Event: 36.077 GC heap before
{Heap before GC invocations=52 (full 0):
 garbage-first heap   total 189440K, used 154188K [0x0000000080000000, 0x0000000100000000)
  region size 1024K, 26 young (26624K), 4 survivors (4096K)
 Metaspace       used 96111K, capacity 98381K, committed 98672K, reserved 1134592K
  class space    used 12450K, capacity 13303K, committed 13388K, reserved 1048576K
}
Event: 36.095 GC heap after
{Heap after GC invocations=53 (full 0):
 garbage-first heap   total 337920K, used 136854K [0x0000000080000000, 0x0000000100000000)
  region size 1024K, 4 young (4096K), 4 survivors (4096K)
 Metaspace       used 96111K, capacity 98381K, committed 98672K, reserved 1134592K
  class space    used 12450K, capacity 13303K, committed 13388K, reserved 1048576K
}
Event: 36.568 GC heap before
{Heap before GC invocations=54 (full 0):
 garbage-first heap   total 337920K, used 202390K [0x0000000080000000, 0x0000000100000000)
  region size 1024K, 69 young (70656K), 4 survivors (4096K)
 Metaspace       used 96893K, capacity 99248K, committed 99312K, reserved 1134592K
  class space    used 12571K, capacity 13474K, committed 13516K, reserved 1048576K
}
Event: 36.655 GC heap after
{Heap after GC invocations=55 (full 0):
 garbage-first heap   total 337920K, used 148246K [0x0000000080000000, 0x0000000100000000)
  region size 1024K, 9 young (9216K), 9 survivors (9216K)
 Metaspace       used 96893K, capacity 99248K, committed 99312K, reserved 1134592K
  class space    used 12571K, capacity 13474K, committed 13516K, reserved 1048576K
}
Event: 36.981 GC heap before
{Heap before GC invocations=55 (full 0):
 garbage-first heap   total 337920K, used 217878K [0x0000000080000000, 0x0000000100000000)
  region size 1024K, 78 young (79872K), 9 survivors (9216K)
 Metaspace       used 97547K, capacity 99956K, committed 100208K, reserved 1136640K
  class space    used 12707K, capacity 13626K, committed 13644K, reserved 1048576K
}
Event: 37.013 GC heap after
{Heap after GC invocations=56 (full 0):
 garbage-first heap   total 337920K, used 160287K [0x0000000080000000, 0x0000000100000000)
  region size 1024K, 10 young (10240K), 10 survivors (10240K)
 Metaspace       used 97547K, capacity 99956K, committed 100208K, reserved 1136640K
  class space    used 12707K, capacity 13626K, committed 13644K, reserved 1048576K
}
Event: 37.419 GC heap before
{Heap before GC invocations=56 (full 0):
 garbage-first heap   total 337920K, used 230943K [0x0000000080000000, 0x0000000100000000)
  region size 1024K, 80 young (81920K), 10 survivors (10240K)
 Metaspace       used 98997K, capacity 101439K, committed 101616K, reserved 1136640K
  class space    used 12972K, capacity 13938K, committed 14028K, reserved 1048576K
}
Event: 37.448 GC heap after
{Heap after GC invocations=57 (full 0):
 garbage-first heap   total 337920K, used 171920K [0x0000000080000000, 0x0000000100000000)
  region size 1024K, 10 young (10240K), 10 survivors (10240K)
 Metaspace       used 98997K, capacity 101439K, committed 101616K, reserved 1136640K
  class space    used 12972K, capacity 13938K, committed 14028K, reserved 1048576K
}
Event: 38.055 GC heap before
{Heap before GC invocations=57 (full 0):
 garbage-first heap   total 337920K, used 241552K [0x0000000080000000, 0x0000000100000000)
  region size 1024K, 79 young (80896K), 10 survivors (10240K)
 Metaspace       used 102008K, capacity 104674K, committed 104944K, reserved 1140736K
  class space    used 13443K, capacity 14496K, committed 14540K, reserved 1048576K
}

