# JRE version: OpenJDK Runtime Environment (11.0.11+9) (build 11.0.11+9-b60-7590822)
# Java VM: OpenJDK 64-Bit Server VM (11.0.11+9-b60-7590822, mixed mode, tiered, compressed oops, g1 gc, windows-amd64)
Heap:
 garbage-first heap   total 962560K, used 214162K [0x0000000080000000, 0x0000000100000000)
  region size 1024K, 8 young (8192K), 8 survivors (8192K)
 Metaspace       used 142178K, capacity 146143K, committed 146256K, reserved 1175552K
  class space    used 17835K, capacity 19252K, committed 19328K, reserved 1048576K
GC Heap History (20 events):
Event: 207.624 GC heap after
{Heap after GC invocations=92 (full 0):
 garbage-first heap   total 274432K, used 219614K [0x0000000080000000, 0x0000000100000000)
  region size 1024K, 4 young (4096K), 4 survivors (4096K)
 Metaspace       used 138283K, capacity 142027K, committed 142160K, reserved 1173504K
  class space    used 17238K, capacity 18545K, committed 18560K, reserved 1048576K
}
Event: 207.687 GC heap before
{Heap before GC invocations=92 (full 0):
 garbage-first heap   total 274432K, used 237022K [0x0000000080000000, 0x0000000100000000)
  region size 1024K, 22 young (22528K), 4 survivors (4096K)
 Metaspace       used 138448K, capacity 142247K, committed 142544K, reserved 1173504K
  class space    used 17262K, capacity 18597K, committed 18688K, reserved 1048576K
}
Event: 207.691 GC heap after
{Heap after GC invocations=93 (full 0):
 garbage-first heap   total 274432K, used 222162K [0x0000000080000000, 0x0000000100000000)
  region size 1024K, 3 young (3072K), 3 survivors (3072K)
 Metaspace       used 138448K, capacity 142247K, committed 142544K, reserved 1173504K
  class space    used 17262K, capacity 18597K, committed 18688K, reserved 1048576K
}
Event: 207.756 GC heap before
{Heap before GC invocations=93 (full 0):
 garbage-first heap   total 274432K, used 237522K [0x0000000080000000, 0x0000000100000000)
  region size 1024K, 19 young (19456K), 3 survivors (3072K)
 Metaspace       used 138731K, capacity 142555K, committed 142800K, reserved 1173504K
  class space    used 17317K, capacity 18664K, committed 18688K, reserved 1048576K
}
Event: 207.791 GC heap after
{Heap after GC invocations=94 (full 0):
 garbage-first heap   total 274432K, used 225142K [0x0000000080000000, 0x0000000100000000)
  region size 1024K, 3 young (3072K), 3 survivors (3072K)
 Metaspace       used 138731K, capacity 142555K, committed 142800K, reserved 1173504K
  class space    used 17317K, capacity 18664K, committed 18688K, reserved 1048576K
}
Event: 207.998 GC heap before
{Heap before GC invocations=94 (full 0):
 garbage-first heap   total 274432K, used 238454K [0x0000000080000000, 0x0000000100000000)
  region size 1024K, 16 young (16384K), 3 survivors (3072K)
 Metaspace       used 139581K, capacity 143420K, committed 143440K, reserved 1173504K
  class space    used 17435K, capacity 18806K, committed 18816K, reserved 1048576K
}
Event: 208.006 GC heap after
{Heap after GC invocations=95 (full 0):
 garbage-first heap   total 274432K, used 227285K [0x0000000080000000, 0x0000000100000000)
  region size 1024K, 2 young (2048K), 2 survivors (2048K)
 Metaspace       used 139581K, capacity 143420K, committed 143440K, reserved 1173504K
  class space    used 17435K, capacity 18806K, committed 18816K, reserved 1048576K
}
Event: 208.084 GC heap before
{Heap before GC invocations=95 (full 0):
 garbage-first heap   total 274432K, used 238549K [0x0000000080000000, 0x0000000100000000)
  region size 1024K, 14 young (14336K), 2 survivors (2048K)
 Metaspace       used 139836K, capacity 143683K, committed 143696K, reserved 1173504K
  class space    used 17461K, capacity 18808K, committed 18816K, reserved 1048576K
}
Event: 208.091 GC heap after
{Heap after GC invocations=96 (full 0):
 garbage-first heap   total 274432K, used 229994K [0x0000000080000000, 0x0000000100000000)
  region size 1024K, 2 young (2048K), 2 survivors (2048K)
 Metaspace       used 139836K, capacity 143683K, committed 143696K, reserved 1173504K
  class space    used 17461K, capacity 18808K, committed 18816K, reserved 1048576K
}
Event: 208.154 GC heap before
{Heap before GC invocations=96 (full 0):
 garbage-first heap   total 274432K, used 241258K [0x0000000080000000, 0x0000000100000000)
  region size 1024K, 13 young (13312K), 2 survivors (2048K)
 Metaspace       used 139971K, capacity 143847K, committed 144080K, reserved 1175552K
  class space    used 17477K, capacity 18840K, committed 18944K, reserved 1048576K
}
Event: 208.162 GC heap after
{Heap after GC invocations=97 (full 0):
 garbage-first heap   total 274432K, used 232862K [0x0000000080000000, 0x0000000100000000)
  region size 1024K, 2 young (2048K), 2 survivors (2048K)
 Metaspace       used 139971K, capacity 143847K, committed 144080K, reserved 1175552K
  class space    used 17477K, capacity 18840K, committed 18944K, reserved 1048576K
}
Event: 208.221 GC heap before
{Heap before GC invocations=97 (full 0):
 garbage-first heap   total 274432K, used 244126K [0x0000000080000000, 0x0000000100000000)
  region size 1024K, 13 young (13312K), 2 survivors (2048K)
 Metaspace       used 140096K, capacity 143916K, committed 144080K, reserved 1175552K
  class space    used 17490K, capacity 18841K, committed 18944K, reserved 1048576K
}
Event: 208.236 GC heap after
{Heap after GC invocations=98 (full 0):
 garbage-first heap   total 357376K, used 235520K [0x0000000080000000, 0x0000000100000000)
  region size 1024K, 2 young (2048K), 2 survivors (2048K)
 Metaspace       used 140096K, capacity 143916K, committed 144080K, reserved 1175552K
  class space    used 17490K, capacity 18841K, committed 18944K, reserved 1048576K
}
Event: 209.080 GC heap before
{Heap before GC invocations=99 (full 0):
 garbage-first heap   total 357376K, used 264192K [0x0000000080000000, 0x0000000100000000)
  region size 1024K, 44 young (45056K), 2 survivors (2048K)
 Metaspace       used 141270K, capacity 145150K, committed 145232K, reserved 1175552K
  class space    used 17658K, capacity 19056K, committed 19072K, reserved 1048576K
}
Event: 209.132 GC heap after
{Heap after GC invocations=100 (full 0):
 garbage-first heap   total 357376K, used 230586K [0x0000000080000000, 0x0000000100000000)
  region size 1024K, 6 young (6144K), 6 survivors (6144K)
 Metaspace       used 141270K, capacity 145150K, committed 145232K, reserved 1175552K
  class space    used 17658K, capacity 19056K, committed 19072K, reserved 1048576K
}
Event: 209.236 GC heap before
{Heap before GC invocations=100 (full 0):
 garbage-first heap   total 357376K, used 241850K [0x0000000080000000, 0x0000000100000000)
  region size 1024K, 17 young (17408K), 6 survivors (6144K)
 Metaspace       used 141382K, capacity 145303K, committed 145616K, reserved 1175552K
  class space    used 17685K, capacity 19086K, committed 19200K, reserved 1048576K
}
Event: 209.317 GC heap after
{Heap after GC invocations=101 (full 0):
 garbage-first heap   total 357376K, used 203032K [0x0000000080000000, 0x0000000100000000)
  region size 1024K, 3 young (3072K), 3 survivors (3072K)
 Metaspace       used 141382K, capacity 145303K, committed 145616K, reserved 1175552K
  class space    used 17685K, capacity 19086K, committed 19200K, reserved 1048576K
}
Event: 209.450 GC heap before
{Heap before GC invocations=101 (full 0):
 garbage-first heap   total 357376K, used 217368K [0x0000000080000000, 0x0000000100000000)
  region size 1024K, 17 young (17408K), 3 survivors (3072K)
 Metaspace       used 141477K, capacity 145392K, committed 145616K, reserved 1175552K
  class space    used 17705K, capacity 19094K, committed 19200K, reserved 1048576K
}
Event: 209.512 GC heap after
{Heap after GC invocations=102 (full 0):
 garbage-first heap   total 357376K, used 203776K [0x0000000080000000, 0x0000000100000000)
  region size 1024K, 3 young (3072K), 3 survivors (3072K)
 Metaspace       used 141477K, capacity 145392K, committed 145616K, reserved 1175552K
  class space    used 17705K, capacity 19094K, committed 19200K, reserved 1048576K
}
Event: 209.985 GC heap before
{Heap before GC invocations=102 (full 0):
 garbage-first heap   total 357376K, used 259072K [0x0000000080000000, 0x0000000100000000)
  region size 1024K, 58 young (59392K), 3 survivors (3072K)
 Metaspace       used 142178K, capacity 146143K, committed 146256K, reserved 1175552K
  class space    used 17835K, capacity 19252K, committed 19328K, reserved 1048576K
}

